<?xml version="1.0" encoding="UTF-8"?>
<testsuite name="Academy Choucair" tests="1" skipped="0" failures="0" errors="0" timestamp="2021-02-21T07:30:32" hostname="DESKTOP-IFFQ8DQ" time="71.74">
  <properties/>
  <testcase name="Automated registration in uTest" classname="Academy Choucair" time="71.74"/>
  <system-out><![CDATA[________REspuestas de los campos 
Windows
true
________REspuestas de los campos 
10
true
________REspuestas de los campos 
Spanish
true
]]></system-out>
  <system-err><![CDATA[[Test worker] WARN net.thucydides.core.steps.BaseStepListener - stepStarted: net.thucydides.core.steps.ExecutedStepDescription@238e7c0d
[Test worker] WARN net.thucydides.core.steps.BaseStepListener - stepStarted: net.thucydides.core.steps.ExecutedStepDescription@3c156537
[Test worker] WARN net.thucydides.core.steps.BaseStepListener - stepStarted: net.thucydides.core.steps.ExecutedStepDescription@14cd3867
feb. 21, 2021 2:30:34 A. M. org.openqa.selenium.remote.DesiredCapabilities chrome
INFORMACIÓN: Using `new ChromeOptions()` is preferred to `DesiredCapabilities.chrome()`
[Test worker] INFO net.serenitybdd.core.webdriver.driverproviders.ProvideNewDriver - Instantiating driver
[Test worker] INFO net.serenitybdd.core.webdriver.driverproviders.ProvideNewDriver - Driver capabilities: Capabilities {acceptInsecureCerts: false, browserName: chrome, chrome.switches: --start-maximized, goog:chromeOptions: {args: [--start-maximized], extensions: []}, loggingPrefs: org.openqa.selenium.logging..., platform: ANY, version: }
Starting ChromeDriver 88.0.4324.96 (68dba2d8a0b149a1d3afac56fa74648032bcf46b-refs/branch-heads/4324@{#1784}) on port 29360
Only local connections are allowed.
Please see https://chromedriver.chromium.org/security-considerations for suggestions on keeping ChromeDriver safe.
ChromeDriver was started successfully.
feb. 21, 2021 2:30:41 A. M. org.openqa.selenium.remote.ProtocolHandshake createSession
INFORMACIÓN: Detected dialect: W3C
[Test worker] WARN net.thucydides.core.steps.BaseStepListener - stepFinished: current outcome:Automated registration in uTest:Given Rose wants to register on the uTest platform [Rose open up [Rose opens the U test page]]
[Test worker] WARN net.thucydides.core.steps.BaseStepListener - stepFinished: current outcome:Automated registration in uTest:Given Rose wants to register on the uTest platform [Rose open up [Rose opens the U test page]]
[Test worker] WARN net.thucydides.core.steps.BaseStepListener - stepStarted: net.thucydides.core.steps.ExecutedStepDescription@1d13ed12
[Test worker] WARN net.thucydides.core.steps.BaseStepListener - stepStarted: net.thucydides.core.steps.ExecutedStepDescription@29486f55
[Test worker] WARN net.thucydides.core.steps.BaseStepListener - stepFinished: current outcome:Automated registration in uTest:Given Rose wants to register on the uTest platform [Rose open up [Rose opens the U test page], Rose join today [Rose clicks on Boton de Join Today]]
[Test worker] WARN net.thucydides.core.steps.BaseStepListener - stepFinished: current outcome:Automated registration in uTest:Given Rose wants to register on the uTest platform [Rose open up [Rose opens the U test page], Rose join today [Rose clicks on Boton de Join Today]]
[Test worker] WARN net.thucydides.core.steps.BaseStepListener - stepFinished: current outcome:Automated registration in uTest:Given Rose wants to register on the uTest platform [Rose open up [Rose opens the U test page], Rose join today [Rose clicks on Boton de Join Today]]
[Test worker] WARN net.thucydides.core.steps.BaseStepListener - stepStarted: net.thucydides.core.steps.ExecutedStepDescription@461f5233
[Test worker] WARN net.thucydides.core.steps.BaseStepListener - stepStarted: net.thucydides.core.steps.ExecutedStepDescription@118bc453
[Test worker] WARN net.thucydides.core.steps.BaseStepListener - stepStarted: net.thucydides.core.steps.ExecutedStepDescription@df732d9
[Test worker] WARN net.thucydides.core.steps.BaseStepListener - stepFinished: current outcome:Automated registration in uTest:Given Rose wants to register on the uTest platform [Rose open up [Rose opens the U test page], Rose join today [Rose clicks on Boton de Join Today]], When she registers all the data requested by the platform
| strFirstName | strLastName | strEmail | strMonth | strDay | strYear | strPassword | strPasswordConfirmation | strCity | strZip | strComputer | strVersion | strLenguaje |
| Rose | Fernandez | vanesa089-31@hotmail.com | February | 11 | 1997 | Choucair1* | Choucair1* | Popayán | 190003 | Windows | 10 | Spanish | [Rose sing up [Rose enters 'Rose' into Donde escribimos el nombre]]
[Test worker] WARN net.thucydides.core.steps.BaseStepListener - stepStarted: net.thucydides.core.steps.ExecutedStepDescription@7cf665f5
[Test worker] WARN net.thucydides.core.steps.BaseStepListener - stepFinished: current outcome:Automated registration in uTest:Given Rose wants to register on the uTest platform [Rose open up [Rose opens the U test page], Rose join today [Rose clicks on Boton de Join Today]], When she registers all the data requested by the platform
| strFirstName | strLastName | strEmail | strMonth | strDay | strYear | strPassword | strPasswordConfirmation | strCity | strZip | strComputer | strVersion | strLenguaje |
| Rose | Fernandez | vanesa089-31@hotmail.com | February | 11 | 1997 | Choucair1* | Choucair1* | Popayán | 190003 | Windows | 10 | Spanish | [Rose sing up [Rose enters 'Rose' into Donde escribimos el nombre, Rose enters 'Fernandez' into Donde escribimos el apellido]]
[Test worker] WARN net.thucydides.core.steps.BaseStepListener - stepStarted: net.thucydides.core.steps.ExecutedStepDescription@48d54085
[Test worker] WARN net.thucydides.core.steps.BaseStepListener - stepFinished: current outcome:Automated registration in uTest:Given Rose wants to register on the uTest platform [Rose open up [Rose opens the U test page], Rose join today [Rose clicks on Boton de Join Today]], When she registers all the data requested by the platform
| strFirstName | strLastName | strEmail | strMonth | strDay | strYear | strPassword | strPasswordConfirmation | strCity | strZip | strComputer | strVersion | strLenguaje |
| Rose | Fernandez | vanesa089-31@hotmail.com | February | 11 | 1997 | Choucair1* | Choucair1* | Popayán | 190003 | Windows | 10 | Spanish | [Rose sing up [Rose enters 'Rose' into Donde escribimos el nombre, Rose enters 'Fernandez' into Donde escribimos el apellido, Rose enters 'vanesa089-31@hotmail.com' into Donde escribimos el correo ]]
[Test worker] WARN net.thucydides.core.steps.BaseStepListener - stepStarted: net.thucydides.core.steps.ExecutedStepDescription@7367872a
[Test worker] WARN net.thucydides.core.steps.BaseStepListener - stepFinished: current outcome:Automated registration in uTest:Given Rose wants to register on the uTest platform [Rose open up [Rose opens the U test page], Rose join today [Rose clicks on Boton de Join Today]], When she registers all the data requested by the platform
| strFirstName | strLastName | strEmail | strMonth | strDay | strYear | strPassword | strPasswordConfirmation | strCity | strZip | strComputer | strVersion | strLenguaje |
| Rose | Fernandez | vanesa089-31@hotmail.com | February | 11 | 1997 | Choucair1* | Choucair1* | Popayán | 190003 | Windows | 10 | Spanish | [Rose sing up [Rose enters 'Rose' into Donde escribimos el nombre, Rose enters 'Fernandez' into Donde escribimos el apellido, Rose enters 'vanesa089-31@hotmail.com' into Donde escribimos el correo , Rose select February on Donde se escoge el mes de cumpleaÃ±os]]
[Test worker] WARN net.thucydides.core.steps.BaseStepListener - stepStarted: net.thucydides.core.steps.ExecutedStepDescription@465534a0
[Test worker] WARN net.thucydides.core.steps.BaseStepListener - stepFinished: current outcome:Automated registration in uTest:Given Rose wants to register on the uTest platform [Rose open up [Rose opens the U test page], Rose join today [Rose clicks on Boton de Join Today]], When she registers all the data requested by the platform
| strFirstName | strLastName | strEmail | strMonth | strDay | strYear | strPassword | strPasswordConfirmation | strCity | strZip | strComputer | strVersion | strLenguaje |
| Rose | Fernandez | vanesa089-31@hotmail.com | February | 11 | 1997 | Choucair1* | Choucair1* | Popayán | 190003 | Windows | 10 | Spanish | [Rose sing up [Rose enters 'Rose' into Donde escribimos el nombre, Rose enters 'Fernandez' into Donde escribimos el apellido, Rose enters 'vanesa089-31@hotmail.com' into Donde escribimos el correo , Rose select February on Donde se escoge el mes de cumpleaÃ±os, Rose select 11 on Donde se escoge el dia de cumpleaÃ±os]]
[Test worker] WARN net.thucydides.core.steps.BaseStepListener - stepStarted: net.thucydides.core.steps.ExecutedStepDescription@a6b674e
[Test worker] WARN net.thucydides.core.steps.BaseStepListener - stepFinished: current outcome:Automated registration in uTest:Given Rose wants to register on the uTest platform [Rose open up [Rose opens the U test page], Rose join today [Rose clicks on Boton de Join Today]], When she registers all the data requested by the platform
| strFirstName | strLastName | strEmail | strMonth | strDay | strYear | strPassword | strPasswordConfirmation | strCity | strZip | strComputer | strVersion | strLenguaje |
| Rose | Fernandez | vanesa089-31@hotmail.com | February | 11 | 1997 | Choucair1* | Choucair1* | Popayán | 190003 | Windows | 10 | Spanish | [Rose sing up [Rose enters 'Rose' into Donde escribimos el nombre, Rose enters 'Fernandez' into Donde escribimos el apellido, Rose enters 'vanesa089-31@hotmail.com' into Donde escribimos el correo , Rose select February on Donde se escoge el mes de cumpleaÃ±os, Rose select 11 on Donde se escoge el dia de cumpleaÃ±os, Rose select 1997 on Donde se escoge el aÃ±o de cumpleaÃ±os]]
[Test worker] WARN net.thucydides.core.steps.BaseStepListener - stepStarted: net.thucydides.core.steps.ExecutedStepDescription@1767e1c3
[Test worker] WARN net.thucydides.core.steps.BaseStepListener - stepFinished: current outcome:Automated registration in uTest:Given Rose wants to register on the uTest platform [Rose open up [Rose opens the U test page], Rose join today [Rose clicks on Boton de Join Today]], When she registers all the data requested by the platform
| strFirstName | strLastName | strEmail | strMonth | strDay | strYear | strPassword | strPasswordConfirmation | strCity | strZip | strComputer | strVersion | strLenguaje |
| Rose | Fernandez | vanesa089-31@hotmail.com | February | 11 | 1997 | Choucair1* | Choucair1* | Popayán | 190003 | Windows | 10 | Spanish | [Rose sing up [Rose enters 'Rose' into Donde escribimos el nombre, Rose enters 'Fernandez' into Donde escribimos el apellido, Rose enters 'vanesa089-31@hotmail.com' into Donde escribimos el correo , Rose select February on Donde se escoge el mes de cumpleaÃ±os, Rose select 11 on Donde se escoge el dia de cumpleaÃ±os, Rose select 1997 on Donde se escoge el aÃ±o de cumpleaÃ±os, Rose clicks on Da en siguiente a los datos personales ]]
[Test worker] WARN net.thucydides.core.steps.BaseStepListener - stepStarted: net.thucydides.core.steps.ExecutedStepDescription@6180d3dc
[Test worker] WARN net.thucydides.core.steps.BaseStepListener - stepFinished: current outcome:Automated registration in uTest:Given Rose wants to register on the uTest platform [Rose open up [Rose opens the U test page], Rose join today [Rose clicks on Boton de Join Today]], When she registers all the data requested by the platform
| strFirstName | strLastName | strEmail | strMonth | strDay | strYear | strPassword | strPasswordConfirmation | strCity | strZip | strComputer | strVersion | strLenguaje |
| Rose | Fernandez | vanesa089-31@hotmail.com | February | 11 | 1997 | Choucair1* | Choucair1* | Popayán | 190003 | Windows | 10 | Spanish | [Rose sing up [Rose enters 'Rose' into Donde escribimos el nombre, Rose enters 'Fernandez' into Donde escribimos el apellido, Rose enters 'vanesa089-31@hotmail.com' into Donde escribimos el correo , Rose select February on Donde se escoge el mes de cumpleaÃ±os, Rose select 11 on Donde se escoge el dia de cumpleaÃ±os, Rose select 1997 on Donde se escoge el aÃ±o de cumpleaÃ±os, Rose clicks on Da en siguiente a los datos personales , Rose enters 'Popayán' into Donde escribimos la ciudad]]
[Test worker] WARN net.thucydides.core.steps.BaseStepListener - stepStarted: net.thucydides.core.steps.ExecutedStepDescription@3d8dee4f
[Test worker] WARN net.thucydides.core.steps.BaseStepListener - stepFinished: current outcome:Automated registration in uTest:Given Rose wants to register on the uTest platform [Rose open up [Rose opens the U test page], Rose join today [Rose clicks on Boton de Join Today]], When she registers all the data requested by the platform
| strFirstName | strLastName | strEmail | strMonth | strDay | strYear | strPassword | strPasswordConfirmation | strCity | strZip | strComputer | strVersion | strLenguaje |
| Rose | Fernandez | vanesa089-31@hotmail.com | February | 11 | 1997 | Choucair1* | Choucair1* | Popayán | 190003 | Windows | 10 | Spanish | [Rose sing up [Rose enters 'Rose' into Donde escribimos el nombre, Rose enters 'Fernandez' into Donde escribimos el apellido, Rose enters 'vanesa089-31@hotmail.com' into Donde escribimos el correo , Rose select February on Donde se escoge el mes de cumpleaÃ±os, Rose select 11 on Donde se escoge el dia de cumpleaÃ±os, Rose select 1997 on Donde se escoge el aÃ±o de cumpleaÃ±os, Rose clicks on Da en siguiente a los datos personales , Rose enters 'Popayán' into Donde escribimos la ciudad, Rose types 'ARROW_DOWN' in Donde escribimos la ciudad]]
[Test worker] WARN net.thucydides.core.steps.BaseStepListener - stepStarted: net.thucydides.core.steps.ExecutedStepDescription@44ff4eee
[Test worker] WARN net.thucydides.core.steps.BaseStepListener - stepFinished: current outcome:Automated registration in uTest:Given Rose wants to register on the uTest platform [Rose open up [Rose opens the U test page], Rose join today [Rose clicks on Boton de Join Today]], When she registers all the data requested by the platform
| strFirstName | strLastName | strEmail | strMonth | strDay | strYear | strPassword | strPasswordConfirmation | strCity | strZip | strComputer | strVersion | strLenguaje |
| Rose | Fernandez | vanesa089-31@hotmail.com | February | 11 | 1997 | Choucair1* | Choucair1* | Popayán | 190003 | Windows | 10 | Spanish | [Rose sing up [Rose enters 'Rose' into Donde escribimos el nombre, Rose enters 'Fernandez' into Donde escribimos el apellido, Rose enters 'vanesa089-31@hotmail.com' into Donde escribimos el correo , Rose select February on Donde se escoge el mes de cumpleaÃ±os, Rose select 11 on Donde se escoge el dia de cumpleaÃ±os, Rose select 1997 on Donde se escoge el aÃ±o de cumpleaÃ±os, Rose clicks on Da en siguiente a los datos personales , Rose enters 'Popayán' into Donde escribimos la ciudad, Rose types 'ARROW_DOWN' in Donde escribimos la ciudad, Rose clicks on Donde escribimos la ciudad]]
[Test worker] WARN net.thucydides.core.steps.BaseStepListener - stepStarted: net.thucydides.core.steps.ExecutedStepDescription@7f8273f7
[Test worker] WARN net.thucydides.core.steps.BaseStepListener - stepFinished: current outcome:Automated registration in uTest:Given Rose wants to register on the uTest platform [Rose open up [Rose opens the U test page], Rose join today [Rose clicks on Boton de Join Today]], When she registers all the data requested by the platform
| strFirstName | strLastName | strEmail | strMonth | strDay | strYear | strPassword | strPasswordConfirmation | strCity | strZip | strComputer | strVersion | strLenguaje |
| Rose | Fernandez | vanesa089-31@hotmail.com | February | 11 | 1997 | Choucair1* | Choucair1* | Popayán | 190003 | Windows | 10 | Spanish | [Rose sing up [Rose enters 'Rose' into Donde escribimos el nombre, Rose enters 'Fernandez' into Donde escribimos el apellido, Rose enters 'vanesa089-31@hotmail.com' into Donde escribimos el correo , Rose select February on Donde se escoge el mes de cumpleaÃ±os, Rose select 11 on Donde se escoge el dia de cumpleaÃ±os, Rose select 1997 on Donde se escoge el aÃ±o de cumpleaÃ±os, Rose clicks on Da en siguiente a los datos personales , Rose enters 'Popayán' into Donde escribimos la ciudad, Rose types 'ARROW_DOWN' in Donde escribimos la ciudad, Rose clicks on Donde escribimos la ciudad, Rose enters '190003' into Donde escribimos la ciudad]]
[Test worker] WARN net.thucydides.core.steps.BaseStepListener - stepStarted: net.thucydides.core.steps.ExecutedStepDescription@559a1118
[Test worker] WARN net.thucydides.core.steps.BaseStepListener - stepFinished: current outcome:Automated registration in uTest:Given Rose wants to register on the uTest platform [Rose open up [Rose opens the U test page], Rose join today [Rose clicks on Boton de Join Today]], When she registers all the data requested by the platform
| strFirstName | strLastName | strEmail | strMonth | strDay | strYear | strPassword | strPasswordConfirmation | strCity | strZip | strComputer | strVersion | strLenguaje |
| Rose | Fernandez | vanesa089-31@hotmail.com | February | 11 | 1997 | Choucair1* | Choucair1* | Popayán | 190003 | Windows | 10 | Spanish | [Rose sing up [Rose enters 'Rose' into Donde escribimos el nombre, Rose enters 'Fernandez' into Donde escribimos el apellido, Rose enters 'vanesa089-31@hotmail.com' into Donde escribimos el correo , Rose select February on Donde se escoge el mes de cumpleaÃ±os, Rose select 11 on Donde se escoge el dia de cumpleaÃ±os, Rose select 1997 on Donde se escoge el aÃ±o de cumpleaÃ±os, Rose clicks on Da en siguiente a los datos personales , Rose enters 'Popayán' into Donde escribimos la ciudad, Rose types 'ARROW_DOWN' in Donde escribimos la ciudad, Rose clicks on Donde escribimos la ciudad, Rose enters '190003' into Donde escribimos la ciudad, Rose clicks on Da en siguiente a la parte 1 de formulario direccion ]]
[Test worker] WARN net.thucydides.core.steps.BaseStepListener - stepStarted: net.thucydides.core.steps.ExecutedStepDescription@708b9a0a
[Test worker] WARN net.thucydides.core.steps.BaseStepListener - stepFinished: current outcome:Automated registration in uTest:Given Rose wants to register on the uTest platform [Rose open up [Rose opens the U test page], Rose join today [Rose clicks on Boton de Join Today]], When she registers all the data requested by the platform
| strFirstName | strLastName | strEmail | strMonth | strDay | strYear | strPassword | strPasswordConfirmation | strCity | strZip | strComputer | strVersion | strLenguaje |
| Rose | Fernandez | vanesa089-31@hotmail.com | February | 11 | 1997 | Choucair1* | Choucair1* | Popayán | 190003 | Windows | 10 | Spanish | [Rose sing up [Rose enters 'Rose' into Donde escribimos el nombre, Rose enters 'Fernandez' into Donde escribimos el apellido, Rose enters 'vanesa089-31@hotmail.com' into Donde escribimos el correo , Rose select February on Donde se escoge el mes de cumpleaÃ±os, Rose select 11 on Donde se escoge el dia de cumpleaÃ±os, Rose select 1997 on Donde se escoge el aÃ±o de cumpleaÃ±os, Rose clicks on Da en siguiente a los datos personales , Rose enters 'Popayán' into Donde escribimos la ciudad, Rose types 'ARROW_DOWN' in Donde escribimos la ciudad, Rose clicks on Donde escribimos la ciudad, Rose enters '190003' into Donde escribimos la ciudad, Rose clicks on Da en siguiente a la parte 1 de formulario direccion , Rose clicks on Da en siguiente a la parte 2 de formulario dispositivos]]
[Test worker] WARN net.thucydides.core.steps.BaseStepListener - stepStarted: net.thucydides.core.steps.ExecutedStepDescription@7ed20b11
[Test worker] WARN net.thucydides.core.steps.BaseStepListener - stepFinished: current outcome:Automated registration in uTest:Given Rose wants to register on the uTest platform [Rose open up [Rose opens the U test page], Rose join today [Rose clicks on Boton de Join Today]], When she registers all the data requested by the platform
| strFirstName | strLastName | strEmail | strMonth | strDay | strYear | strPassword | strPasswordConfirmation | strCity | strZip | strComputer | strVersion | strLenguaje |
| Rose | Fernandez | vanesa089-31@hotmail.com | February | 11 | 1997 | Choucair1* | Choucair1* | Popayán | 190003 | Windows | 10 | Spanish | [Rose sing up [Rose enters 'Rose' into Donde escribimos el nombre, Rose enters 'Fernandez' into Donde escribimos el apellido, Rose enters 'vanesa089-31@hotmail.com' into Donde escribimos el correo , Rose select February on Donde se escoge el mes de cumpleaÃ±os, Rose select 11 on Donde se escoge el dia de cumpleaÃ±os, Rose select 1997 on Donde se escoge el aÃ±o de cumpleaÃ±os, Rose clicks on Da en siguiente a los datos personales , Rose enters 'Popayán' into Donde escribimos la ciudad, Rose types 'ARROW_DOWN' in Donde escribimos la ciudad, Rose clicks on Donde escribimos la ciudad, Rose enters '190003' into Donde escribimos la ciudad, Rose clicks on Da en siguiente a la parte 1 de formulario direccion , Rose clicks on Da en siguiente a la parte 2 de formulario dispositivos, Rose enters 'Choucair1*' into Donde escribimos la contraseÃ±a]]
[Test worker] WARN net.thucydides.core.steps.BaseStepListener - stepStarted: net.thucydides.core.steps.ExecutedStepDescription@7d30d286
[Test worker] WARN net.thucydides.core.steps.BaseStepListener - stepFinished: current outcome:Automated registration in uTest:Given Rose wants to register on the uTest platform [Rose open up [Rose opens the U test page], Rose join today [Rose clicks on Boton de Join Today]], When she registers all the data requested by the platform
| strFirstName | strLastName | strEmail | strMonth | strDay | strYear | strPassword | strPasswordConfirmation | strCity | strZip | strComputer | strVersion | strLenguaje |
| Rose | Fernandez | vanesa089-31@hotmail.com | February | 11 | 1997 | Choucair1* | Choucair1* | Popayán | 190003 | Windows | 10 | Spanish | [Rose sing up [Rose enters 'Rose' into Donde escribimos el nombre, Rose enters 'Fernandez' into Donde escribimos el apellido, Rose enters 'vanesa089-31@hotmail.com' into Donde escribimos el correo , Rose select February on Donde se escoge el mes de cumpleaÃ±os, Rose select 11 on Donde se escoge el dia de cumpleaÃ±os, Rose select 1997 on Donde se escoge el aÃ±o de cumpleaÃ±os, Rose clicks on Da en siguiente a los datos personales , Rose enters 'Popayán' into Donde escribimos la ciudad, Rose types 'ARROW_DOWN' in Donde escribimos la ciudad, Rose clicks on Donde escribimos la ciudad, Rose enters '190003' into Donde escribimos la ciudad, Rose clicks on Da en siguiente a la parte 1 de formulario direccion , Rose clicks on Da en siguiente a la parte 2 de formulario dispositivos, Rose enters 'Choucair1*' into Donde escribimos la contraseÃ±a, Rose enters 'Choucair1*' into Donde escribimos la confirmacion de la contraseÃ±a]]
[Test worker] WARN net.thucydides.core.steps.BaseStepListener - stepStarted: net.thucydides.core.steps.ExecutedStepDescription@1f50b7c0
[Test worker] WARN net.thucydides.core.steps.BaseStepListener - stepFinished: current outcome:Automated registration in uTest:Given Rose wants to register on the uTest platform [Rose open up [Rose opens the U test page], Rose join today [Rose clicks on Boton de Join Today]], When she registers all the data requested by the platform
| strFirstName | strLastName | strEmail | strMonth | strDay | strYear | strPassword | strPasswordConfirmation | strCity | strZip | strComputer | strVersion | strLenguaje |
| Rose | Fernandez | vanesa089-31@hotmail.com | February | 11 | 1997 | Choucair1* | Choucair1* | Popayán | 190003 | Windows | 10 | Spanish | [Rose sing up [Rose enters 'Rose' into Donde escribimos el nombre, Rose enters 'Fernandez' into Donde escribimos el apellido, Rose enters 'vanesa089-31@hotmail.com' into Donde escribimos el correo , Rose select February on Donde se escoge el mes de cumpleaÃ±os, Rose select 11 on Donde se escoge el dia de cumpleaÃ±os, Rose select 1997 on Donde se escoge el aÃ±o de cumpleaÃ±os, Rose clicks on Da en siguiente a los datos personales , Rose enters 'Popayán' into Donde escribimos la ciudad, Rose types 'ARROW_DOWN' in Donde escribimos la ciudad, Rose clicks on Donde escribimos la ciudad, Rose enters '190003' into Donde escribimos la ciudad, Rose clicks on Da en siguiente a la parte 1 de formulario direccion , Rose clicks on Da en siguiente a la parte 2 de formulario dispositivos, Rose enters 'Choucair1*' into Donde escribimos la contraseÃ±a, Rose enters 'Choucair1*' into Donde escribimos la confirmacion de la contraseÃ±a, Rose clicks on Acepta haber leido los terminos de uTest  ]]
[Test worker] WARN net.thucydides.core.steps.BaseStepListener - stepStarted: net.thucydides.core.steps.ExecutedStepDescription@48aed0e4
[Test worker] WARN net.thucydides.core.steps.BaseStepListener - stepFinished: current outcome:Automated registration in uTest:Given Rose wants to register on the uTest platform [Rose open up [Rose opens the U test page], Rose join today [Rose clicks on Boton de Join Today]], When she registers all the data requested by the platform
| strFirstName | strLastName | strEmail | strMonth | strDay | strYear | strPassword | strPasswordConfirmation | strCity | strZip | strComputer | strVersion | strLenguaje |
| Rose | Fernandez | vanesa089-31@hotmail.com | February | 11 | 1997 | Choucair1* | Choucair1* | Popayán | 190003 | Windows | 10 | Spanish | [Rose sing up [Rose enters 'Rose' into Donde escribimos el nombre, Rose enters 'Fernandez' into Donde escribimos el apellido, Rose enters 'vanesa089-31@hotmail.com' into Donde escribimos el correo , Rose select February on Donde se escoge el mes de cumpleaÃ±os, Rose select 11 on Donde se escoge el dia de cumpleaÃ±os, Rose select 1997 on Donde se escoge el aÃ±o de cumpleaÃ±os, Rose clicks on Da en siguiente a los datos personales , Rose enters 'Popayán' into Donde escribimos la ciudad, Rose types 'ARROW_DOWN' in Donde escribimos la ciudad, Rose clicks on Donde escribimos la ciudad, Rose enters '190003' into Donde escribimos la ciudad, Rose clicks on Da en siguiente a la parte 1 de formulario direccion , Rose clicks on Da en siguiente a la parte 2 de formulario dispositivos, Rose enters 'Choucair1*' into Donde escribimos la contraseÃ±a, Rose enters 'Choucair1*' into Donde escribimos la confirmacion de la contraseÃ±a, Rose clicks on Acepta haber leido los terminos de uTest  , Rose clicks on Acepta haber leido los terminos de seguridad y privacidad ]]
[Test worker] WARN net.thucydides.core.steps.BaseStepListener - stepStarted: net.thucydides.core.steps.ExecutedStepDescription@66fedce5
[Test worker] WARN net.thucydides.core.steps.BaseStepListener - stepFinished: current outcome:Automated registration in uTest:Given Rose wants to register on the uTest platform [Rose open up [Rose opens the U test page], Rose join today [Rose clicks on Boton de Join Today]], When she registers all the data requested by the platform
| strFirstName | strLastName | strEmail | strMonth | strDay | strYear | strPassword | strPasswordConfirmation | strCity | strZip | strComputer | strVersion | strLenguaje |
| Rose | Fernandez | vanesa089-31@hotmail.com | February | 11 | 1997 | Choucair1* | Choucair1* | Popayán | 190003 | Windows | 10 | Spanish | [Rose sing up [Rose enters 'Rose' into Donde escribimos el nombre, Rose enters 'Fernandez' into Donde escribimos el apellido, Rose enters 'vanesa089-31@hotmail.com' into Donde escribimos el correo , Rose select February on Donde se escoge el mes de cumpleaÃ±os, Rose select 11 on Donde se escoge el dia de cumpleaÃ±os, Rose select 1997 on Donde se escoge el aÃ±o de cumpleaÃ±os, Rose clicks on Da en siguiente a los datos personales , Rose enters 'Popayán' into Donde escribimos la ciudad, Rose types 'ARROW_DOWN' in Donde escribimos la ciudad, Rose clicks on Donde escribimos la ciudad, Rose enters '190003' into Donde escribimos la ciudad, Rose clicks on Da en siguiente a la parte 1 de formulario direccion , Rose clicks on Da en siguiente a la parte 2 de formulario dispositivos, Rose enters 'Choucair1*' into Donde escribimos la contraseÃ±a, Rose enters 'Choucair1*' into Donde escribimos la confirmacion de la contraseÃ±a, Rose clicks on Acepta haber leido los terminos de uTest  , Rose clicks on Acepta haber leido los terminos de seguridad y privacidad , Rose clicks on Da en siguiente a la parte 4 de formulario contraseÃ±as y terminado ]]
[Test worker] WARN net.thucydides.core.steps.BaseStepListener - stepFinished: current outcome:Automated registration in uTest:Given Rose wants to register on the uTest platform [Rose open up [Rose opens the U test page], Rose join today [Rose clicks on Boton de Join Today]], When she registers all the data requested by the platform
| strFirstName | strLastName | strEmail | strMonth | strDay | strYear | strPassword | strPasswordConfirmation | strCity | strZip | strComputer | strVersion | strLenguaje |
| Rose | Fernandez | vanesa089-31@hotmail.com | February | 11 | 1997 | Choucair1* | Choucair1* | Popayán | 190003 | Windows | 10 | Spanish | [Rose sing up [Rose enters 'Rose' into Donde escribimos el nombre, Rose enters 'Fernandez' into Donde escribimos el apellido, Rose enters 'vanesa089-31@hotmail.com' into Donde escribimos el correo , Rose select February on Donde se escoge el mes de cumpleaÃ±os, Rose select 11 on Donde se escoge el dia de cumpleaÃ±os, Rose select 1997 on Donde se escoge el aÃ±o de cumpleaÃ±os, Rose clicks on Da en siguiente a los datos personales , Rose enters 'Popayán' into Donde escribimos la ciudad, Rose types 'ARROW_DOWN' in Donde escribimos la ciudad, Rose clicks on Donde escribimos la ciudad, Rose enters '190003' into Donde escribimos la ciudad, Rose clicks on Da en siguiente a la parte 1 de formulario direccion , Rose clicks on Da en siguiente a la parte 2 de formulario dispositivos, Rose enters 'Choucair1*' into Donde escribimos la contraseÃ±a, Rose enters 'Choucair1*' into Donde escribimos la confirmacion de la contraseÃ±a, Rose clicks on Acepta haber leido los terminos de uTest  , Rose clicks on Acepta haber leido los terminos de seguridad y privacidad , Rose clicks on Da en siguiente a la parte 4 de formulario contraseÃ±as y terminado ]]
[Test worker] WARN net.thucydides.core.steps.BaseStepListener - stepFinished: current outcome:Automated registration in uTest:Given Rose wants to register on the uTest platform [Rose open up [Rose opens the U test page], Rose join today [Rose clicks on Boton de Join Today]], When she registers all the data requested by the platform
| strFirstName | strLastName | strEmail | strMonth | strDay | strYear | strPassword | strPasswordConfirmation | strCity | strZip | strComputer | strVersion | strLenguaje |
| Rose | Fernandez | vanesa089-31@hotmail.com | February | 11 | 1997 | Choucair1* | Choucair1* | Popayán | 190003 | Windows | 10 | Spanish | [Rose sing up [Rose enters 'Rose' into Donde escribimos el nombre, Rose enters 'Fernandez' into Donde escribimos el apellido, Rose enters 'vanesa089-31@hotmail.com' into Donde escribimos el correo , Rose select February on Donde se escoge el mes de cumpleaÃ±os, Rose select 11 on Donde se escoge el dia de cumpleaÃ±os, Rose select 1997 on Donde se escoge el aÃ±o de cumpleaÃ±os, Rose clicks on Da en siguiente a los datos personales , Rose enters 'Popayán' into Donde escribimos la ciudad, Rose types 'ARROW_DOWN' in Donde escribimos la ciudad, Rose clicks on Donde escribimos la ciudad, Rose enters '190003' into Donde escribimos la ciudad, Rose clicks on Da en siguiente a la parte 1 de formulario direccion , Rose clicks on Da en siguiente a la parte 2 de formulario dispositivos, Rose enters 'Choucair1*' into Donde escribimos la contraseÃ±a, Rose enters 'Choucair1*' into Donde escribimos la confirmacion de la contraseÃ±a, Rose clicks on Acepta haber leido los terminos de uTest  , Rose clicks on Acepta haber leido los terminos de seguridad y privacidad , Rose clicks on Da en siguiente a la parte 4 de formulario contraseÃ±as y terminado ]]
[Test worker] WARN net.thucydides.core.steps.BaseStepListener - stepStarted: net.thucydides.core.steps.ExecutedStepDescription@1cbe9954
[Test worker] WARN net.thucydides.core.steps.BaseStepListener - stepFinished: current outcome:Automated registration in uTest:Given Rose wants to register on the uTest platform [Rose open up [Rose opens the U test page], Rose join today [Rose clicks on Boton de Join Today]], When she registers all the data requested by the platform
| strFirstName | strLastName | strEmail | strMonth | strDay | strYear | strPassword | strPasswordConfirmation | strCity | strZip | strComputer | strVersion | strLenguaje |
| Rose | Fernandez | vanesa089-31@hotmail.com | February | 11 | 1997 | Choucair1* | Choucair1* | Popayán | 190003 | Windows | 10 | Spanish | [Rose sing up [Rose enters 'Rose' into Donde escribimos el nombre, Rose enters 'Fernandez' into Donde escribimos el apellido, Rose enters 'vanesa089-31@hotmail.com' into Donde escribimos el correo , Rose select February on Donde se escoge el mes de cumpleaÃ±os, Rose select 11 on Donde se escoge el dia de cumpleaÃ±os, Rose select 1997 on Donde se escoge el aÃ±o de cumpleaÃ±os, Rose clicks on Da en siguiente a los datos personales , Rose enters 'Popayán' into Donde escribimos la ciudad, Rose types 'ARROW_DOWN' in Donde escribimos la ciudad, Rose clicks on Donde escribimos la ciudad, Rose enters '190003' into Donde escribimos la ciudad, Rose clicks on Da en siguiente a la parte 1 de formulario direccion , Rose clicks on Da en siguiente a la parte 2 de formulario dispositivos, Rose enters 'Choucair1*' into Donde escribimos la contraseÃ±a, Rose enters 'Choucair1*' into Donde escribimos la confirmacion de la contraseÃ±a, Rose clicks on Acepta haber leido los terminos de uTest  , Rose clicks on Acepta haber leido los terminos de seguridad y privacidad , Rose clicks on Da en siguiente a la parte 4 de formulario contraseÃ±as y terminado ]], Then she will be registered
[Test worker] WARN net.thucydides.core.steps.BaseStepListener - testFinished: Automated registration in uTest:Given Rose wants to register on the uTest platform [Rose open up [Rose opens the U test page], Rose join today [Rose clicks on Boton de Join Today]], When she registers all the data requested by the platform
| strFirstName | strLastName | strEmail | strMonth | strDay | strYear | strPassword | strPasswordConfirmation | strCity | strZip | strComputer | strVersion | strLenguaje |
| Rose | Fernandez | vanesa089-31@hotmail.com | February | 11 | 1997 | Choucair1* | Choucair1* | Popayán | 190003 | Windows | 10 | Spanish | [Rose sing up [Rose enters 'Rose' into Donde escribimos el nombre, Rose enters 'Fernandez' into Donde escribimos el apellido, Rose enters 'vanesa089-31@hotmail.com' into Donde escribimos el correo , Rose select February on Donde se escoge el mes de cumpleaÃ±os, Rose select 11 on Donde se escoge el dia de cumpleaÃ±os, Rose select 1997 on Donde se escoge el aÃ±o de cumpleaÃ±os, Rose clicks on Da en siguiente a los datos personales , Rose enters 'Popayán' into Donde escribimos la ciudad, Rose types 'ARROW_DOWN' in Donde escribimos la ciudad, Rose clicks on Donde escribimos la ciudad, Rose enters '190003' into Donde escribimos la ciudad, Rose clicks on Da en siguiente a la parte 1 de formulario direccion , Rose clicks on Da en siguiente a la parte 2 de formulario dispositivos, Rose enters 'Choucair1*' into Donde escribimos la contraseÃ±a, Rose enters 'Choucair1*' into Donde escribimos la confirmacion de la contraseÃ±a, Rose clicks on Acepta haber leido los terminos de uTest  , Rose clicks on Acepta haber leido los terminos de seguridad y privacidad , Rose clicks on Da en siguiente a la parte 4 de formulario contraseÃ±as y terminado ]], Then she will be registered
[Test worker] WARN net.thucydides.core.steps.BaseStepListener - TestOutcomes: [Automated registration in uTest:Given Rose wants to register on the uTest platform [Rose open up [Rose opens the U test page], Rose join today [Rose clicks on Boton de Join Today]], When she registers all the data requested by the platform
| strFirstName | strLastName | strEmail | strMonth | strDay | strYear | strPassword | strPasswordConfirmation | strCity | strZip | strComputer | strVersion | strLenguaje |
| Rose | Fernandez | vanesa089-31@hotmail.com | February | 11 | 1997 | Choucair1* | Choucair1* | Popayán | 190003 | Windows | 10 | Spanish | [Rose sing up [Rose enters 'Rose' into Donde escribimos el nombre, Rose enters 'Fernandez' into Donde escribimos el apellido, Rose enters 'vanesa089-31@hotmail.com' into Donde escribimos el correo , Rose select February on Donde se escoge el mes de cumpleaÃ±os, Rose select 11 on Donde se escoge el dia de cumpleaÃ±os, Rose select 1997 on Donde se escoge el aÃ±o de cumpleaÃ±os, Rose clicks on Da en siguiente a los datos personales , Rose enters 'Popayán' into Donde escribimos la ciudad, Rose types 'ARROW_DOWN' in Donde escribimos la ciudad, Rose clicks on Donde escribimos la ciudad, Rose enters '190003' into Donde escribimos la ciudad, Rose clicks on Da en siguiente a la parte 1 de formulario direccion , Rose clicks on Da en siguiente a la parte 2 de formulario dispositivos, Rose enters 'Choucair1*' into Donde escribimos la contraseÃ±a, Rose enters 'Choucair1*' into Donde escribimos la confirmacion de la contraseÃ±a, Rose clicks on Acepta haber leido los terminos de uTest  , Rose clicks on Acepta haber leido los terminos de seguridad y privacidad , Rose clicks on Da en siguiente a la parte 4 de formulario contraseÃ±as y terminado ]], Then she will be registered]
[Test worker] WARN net.thucydides.core.steps.BaseStepListener - Final testOutcomes: [Automated registration in uTest:Given Rose wants to register on the uTest platform [Rose open up [Rose opens the U test page], Rose join today [Rose clicks on Boton de Join Today]], When she registers all the data requested by the platform
| strFirstName | strLastName | strEmail | strMonth | strDay | strYear | strPassword | strPasswordConfirmation | strCity | strZip | strComputer | strVersion | strLenguaje |
| Rose | Fernandez | vanesa089-31@hotmail.com | February | 11 | 1997 | Choucair1* | Choucair1* | Popayán | 190003 | Windows | 10 | Spanish | [Rose sing up [Rose enters 'Rose' into Donde escribimos el nombre, Rose enters 'Fernandez' into Donde escribimos el apellido, Rose enters 'vanesa089-31@hotmail.com' into Donde escribimos el correo , Rose select February on Donde se escoge el mes de cumpleaÃ±os, Rose select 11 on Donde se escoge el dia de cumpleaÃ±os, Rose select 1997 on Donde se escoge el aÃ±o de cumpleaÃ±os, Rose clicks on Da en siguiente a los datos personales , Rose enters 'Popayán' into Donde escribimos la ciudad, Rose types 'ARROW_DOWN' in Donde escribimos la ciudad, Rose clicks on Donde escribimos la ciudad, Rose enters '190003' into Donde escribimos la ciudad, Rose clicks on Da en siguiente a la parte 1 de formulario direccion , Rose clicks on Da en siguiente a la parte 2 de formulario dispositivos, Rose enters 'Choucair1*' into Donde escribimos la contraseÃ±a, Rose enters 'Choucair1*' into Donde escribimos la confirmacion de la contraseÃ±a, Rose clicks on Acepta haber leido los terminos de uTest  , Rose clicks on Acepta haber leido los terminos de seguridad y privacidad , Rose clicks on Da en siguiente a la parte 4 de formulario contraseÃ±as y terminado ]], Then she will be registered]
[Test worker] INFO net.thucydides.core.steps.ConsoleLoggingListener - 
        __    _____ _____ ____ _____   ____   _    ____  ____  _____ ____  
  _     \ \  |_   _| ____/ ___|_   _| |  _ \ / \  / ___|/ ___|| ____|  _ \ 
 (_)_____| |   | | |  _| \___ \ | |   | |_) / _ \ \___ \\___ \|  _| | | | |
  _|_____| |   | | | |___ ___) || |   |  __/ ___ \ ___) |___) | |___| |_| |
 (_)     | |   |_| |_____|____/ |_|   |_| /_/   \_\____/|____/|_____|____/ 
        /_/                                                                

TEST PASSED: Automated registration in uTest
----------------------------------------------------------------------------
]]></system-err>
</testsuite>
